<?xml version="1.0" encoding="UTF-8"?>
<!-- Generated by org.testng.reporters.JUnitReportReporter -->
<testsuite name="com.browserstack.SingleTest" tests="1" time="16.893" ignored="0" failures="0" timestamp="14 Apr 2017 10:16:02 GMT" skipped="0" hostname="johnbunky-ThinkPad-X200s" errors="0">
  <testcase name="test" time="16.893" classname="com.browserstack.SingleTest"/>
</testsuite> <!-- com.browserstack.SingleTest -->
